<?xml version="1.0" encoding="UTF-8"?>
<testsuite xmlns:xsi="http://www.w3.org/2001/XMLSchema-instance" xsi:noNamespaceSchemaLocation="https://maven.apache.org/surefire/maven-surefire-plugin/xsd/surefire-test-report-3.0.xsd" version="3.0" name="br.com.fernandolopez.test.HttpSinkTaskTest" time="1.376" tests="2" errors="0" skipped="0" failures="0">
  <properties>
    <property name="java.specification.version" value="17"/>
    <property name="sun.jnu.encoding" value="UTF-8"/>
    <property name="java.class.path" value="/Users/fernando/eclipse-workspace-new/HTTPSink/target/test-classes:/Users/fernando/eclipse-workspace-new/HTTPSink/target/classes:/Users/fernando/.m2/repository/org/apache/kafka/connect-api/3.7.0/connect-api-3.7.0.jar:/Users/fernando/.m2/repository/org/apache/kafka/kafka-clients/3.7.0/kafka-clients-3.7.0.jar:/Users/fernando/.m2/repository/com/github/luben/zstd-jni/1.5.5-6/zstd-jni-1.5.5-6.jar:/Users/fernando/.m2/repository/org/lz4/lz4-java/1.8.0/lz4-java-1.8.0.jar:/Users/fernando/.m2/repository/org/xerial/snappy/snappy-java/1.1.10.5/snappy-java-1.1.10.5.jar:/Users/fernando/.m2/repository/javax/ws/rs/javax.ws.rs-api/2.1.1/javax.ws.rs-api-2.1.1.jar:/Users/fernando/.m2/repository/org/apache/kafka/connect-transforms/3.7.0/connect-transforms-3.7.0.jar:/Users/fernando/.m2/repository/org/slf4j/slf4j-api/2.0.12/slf4j-api-2.0.12.jar:/Users/fernando/.m2/repository/org/slf4j/slf4j-simple/2.0.12/slf4j-simple-2.0.12.jar:/Users/fernando/.m2/repository/org/apache/httpcomponents/core5/httpcore5-h2/5.2.4/httpcore5-h2-5.2.4.jar:/Users/fernando/.m2/repository/org/apache/httpcomponents/core5/httpcore5/5.2.4/httpcore5-5.2.4.jar:/Users/fernando/.m2/repository/org/json/json/20240303/json-20240303.jar:/Users/fernando/.m2/repository/junit/junit/4.13.2/junit-4.13.2.jar:/Users/fernando/.m2/repository/org/hamcrest/hamcrest-core/1.3/hamcrest-core-1.3.jar:/Users/fernando/.m2/repository/org/junit/jupiter/junit-jupiter-api/5.10.2/junit-jupiter-api-5.10.2.jar:/Users/fernando/.m2/repository/org/opentest4j/opentest4j/1.3.0/opentest4j-1.3.0.jar:/Users/fernando/.m2/repository/org/junit/platform/junit-platform-commons/1.10.2/junit-platform-commons-1.10.2.jar:/Users/fernando/.m2/repository/org/apiguardian/apiguardian-api/1.1.2/apiguardian-api-1.1.2.jar:"/>
    <property name="java.vm.vendor" value="Eclipse Adoptium"/>
    <property name="sun.arch.data.model" value="64"/>
    <property name="java.vendor.url" value="https://adoptium.net/"/>
    <property name="os.name" value="Mac OS X"/>
    <property name="java.vm.specification.version" value="17"/>
    <property name="sun.java.launcher" value="SUN_STANDARD"/>
    <property name="user.country" value="BR"/>
    <property name="sun.boot.library.path" value="/Users/fernando/.p2/pool/plugins/org.eclipse.justj.openjdk.hotspot.jre.full.macosx.x86_64_17.0.10.v20240120-1143/jre/lib"/>
    <property name="sun.java.command" value="/Users/fernando/eclipse-workspace-new/HTTPSink/target/surefire/surefirebooter-20240325155747301_3.jar /Users/fernando/eclipse-workspace-new/HTTPSink/target/surefire 2024-03-25T15-57-47_151-jvmRun1 surefire-20240325155747301_1tmp surefire_0-20240325155747301_2tmp"/>
    <property name="http.nonProxyHosts" value="local|*.local|169.254/16|*.169.254/16"/>
    <property name="jdk.debug" value="release"/>
    <property name="surefire.test.class.path" value="/Users/fernando/eclipse-workspace-new/HTTPSink/target/test-classes:/Users/fernando/eclipse-workspace-new/HTTPSink/target/classes:/Users/fernando/.m2/repository/org/apache/kafka/connect-api/3.7.0/connect-api-3.7.0.jar:/Users/fernando/.m2/repository/org/apache/kafka/kafka-clients/3.7.0/kafka-clients-3.7.0.jar:/Users/fernando/.m2/repository/com/github/luben/zstd-jni/1.5.5-6/zstd-jni-1.5.5-6.jar:/Users/fernando/.m2/repository/org/lz4/lz4-java/1.8.0/lz4-java-1.8.0.jar:/Users/fernando/.m2/repository/org/xerial/snappy/snappy-java/1.1.10.5/snappy-java-1.1.10.5.jar:/Users/fernando/.m2/repository/javax/ws/rs/javax.ws.rs-api/2.1.1/javax.ws.rs-api-2.1.1.jar:/Users/fernando/.m2/repository/org/apache/kafka/connect-transforms/3.7.0/connect-transforms-3.7.0.jar:/Users/fernando/.m2/repository/org/slf4j/slf4j-api/2.0.12/slf4j-api-2.0.12.jar:/Users/fernando/.m2/repository/org/slf4j/slf4j-simple/2.0.12/slf4j-simple-2.0.12.jar:/Users/fernando/.m2/repository/org/apache/httpcomponents/core5/httpcore5-h2/5.2.4/httpcore5-h2-5.2.4.jar:/Users/fernando/.m2/repository/org/apache/httpcomponents/core5/httpcore5/5.2.4/httpcore5-5.2.4.jar:/Users/fernando/.m2/repository/org/json/json/20240303/json-20240303.jar:/Users/fernando/.m2/repository/junit/junit/4.13.2/junit-4.13.2.jar:/Users/fernando/.m2/repository/org/hamcrest/hamcrest-core/1.3/hamcrest-core-1.3.jar:/Users/fernando/.m2/repository/org/junit/jupiter/junit-jupiter-api/5.10.2/junit-jupiter-api-5.10.2.jar:/Users/fernando/.m2/repository/org/opentest4j/opentest4j/1.3.0/opentest4j-1.3.0.jar:/Users/fernando/.m2/repository/org/junit/platform/junit-platform-commons/1.10.2/junit-platform-commons-1.10.2.jar:/Users/fernando/.m2/repository/org/apiguardian/apiguardian-api/1.1.2/apiguardian-api-1.1.2.jar:"/>
    <property name="sun.cpu.endian" value="little"/>
    <property name="user.home" value="/Users/fernando"/>
    <property name="user.language" value="pt"/>
    <property name="java.specification.vendor" value="Oracle Corporation"/>
    <property name="java.version.date" value="2024-01-16"/>
    <property name="java.home" value="/Users/fernando/.p2/pool/plugins/org.eclipse.justj.openjdk.hotspot.jre.full.macosx.x86_64_17.0.10.v20240120-1143/jre"/>
    <property name="file.separator" value="/"/>
    <property name="style.color" value="always"/>
    <property name="basedir" value="/Users/fernando/eclipse-workspace-new/HTTPSink"/>
    <property name="java.vm.compressedOopsMode" value="Zero based"/>
    <property name="line.separator" value="&#10;"/>
    <property name="java.vm.specification.vendor" value="Oracle Corporation"/>
    <property name="java.specification.name" value="Java Platform API Specification"/>
    <property name="surefire.real.class.path" value="/Users/fernando/eclipse-workspace-new/HTTPSink/target/surefire/surefirebooter-20240325155747301_3.jar"/>
    <property name="sun.management.compiler" value="HotSpot 64-Bit Tiered Compilers"/>
    <property name="ftp.nonProxyHosts" value="local|*.local|169.254/16|*.169.254/16"/>
    <property name="java.runtime.version" value="17.0.10+7"/>
    <property name="user.name" value="fernando"/>
    <property name="path.separator" value=":"/>
    <property name="os.version" value="14.2.1"/>
    <property name="java.runtime.name" value="OpenJDK Runtime Environment"/>
    <property name="file.encoding" value="UTF-8"/>
    <property name="java.vm.name" value="OpenJDK 64-Bit Server VM"/>
    <property name="java.vendor.version" value="Temurin-17.0.10+7"/>
    <property name="localRepository" value="/Users/fernando/.m2/repository"/>
    <property name="java.vendor.url.bug" value="https://github.com/adoptium/adoptium-support/issues"/>
    <property name="java.io.tmpdir" value="/var/folders/rf/ydg2myrd15vc8qcqt8mn7b940000gn/T/"/>
    <property name="java.version" value="17.0.10"/>
    <property name="user.dir" value="/Users/fernando/eclipse-workspace-new/HTTPSink"/>
    <property name="os.arch" value="x86_64"/>
    <property name="java.vm.specification.name" value="Java Virtual Machine Specification"/>
    <property name="native.encoding" value="UTF-8"/>
    <property name="java.library.path" value="/Users/fernando/Library/Java/Extensions:/Library/Java/Extensions:/Network/Library/Java/Extensions:/System/Library/Java/Extensions:/usr/lib/java:."/>
    <property name="java.vm.info" value="mixed mode"/>
    <property name="java.vendor" value="Eclipse Adoptium"/>
    <property name="java.vm.version" value="17.0.10+7"/>
    <property name="sun.io.unicode.encoding" value="UnicodeBig"/>
    <property name="socksNonProxyHosts" value="local|*.local|169.254/16|*.169.254/16"/>
    <property name="java.class.version" value="61.0"/>
  </properties>
  <testcase name="shouldCreateSinkTaskStart" classname="br.com.fernandolopez.test.HttpSinkTaskTest" time="1.321">
    <system-out><![CDATA[data: class java.lang.String
viacep.com.br/165.227.126.241:80 GET /ws/60335000/json/ HTTP/1.1
viacep.com.br/165.227.126.241:80 HTTP/1.1 200 OK
viacep.com.br/165.227.126.241:80 exchange completed (connection kept alive)
data: class java.lang.String
viacep.com.br/165.227.126.241:80 GET /ws/60335000/json/ HTTP/1.1
viacep.com.br/165.227.126.241:80 HTTP/1.1 200 OK
viacep.com.br/165.227.126.241:80 exchange completed (connection kept alive)
data: class java.lang.String
viacep.com.br/165.227.126.241:80 GET /ws/60335000/json/ HTTP/1.1
viacep.com.br/165.227.126.241:80 HTTP/1.1 200 OK
viacep.com.br/165.227.126.241:80 exchange completed (connection kept alive)
data: class java.lang.String
viacep.com.br/165.227.126.241:80 GET /ws/60335000/json/ HTTP/1.1
viacep.com.br/165.227.126.241:80 HTTP/1.1 200 OK
viacep.com.br/165.227.126.241:80 exchange completed (connection kept alive)
data: class java.lang.String
viacep.com.br/165.227.126.241:80 GET /ws/60335000/json/ HTTP/1.1
viacep.com.br/165.227.126.241:80 HTTP/1.1 200 OK
viacep.com.br/165.227.126.241:80 exchange completed (connection kept alive)
]]></system-out>
    <system-err><![CDATA[[main] INFO br.com.fernandolopez.HttpSinkConnect - My Connector config keys:         tasks.max = 1
        topics = my-topic
        group.id = connect-cluster-sink
        pmenos.sink.endpoint.httpMethod = GET
        pmenos.component.https.soTimeout = 30 seconds
        bootstrap.servers = localhost:9092
        plugin.path = /home/connectors
        pmenos.sink.path.httpUri = /ws/${id}/json/
        offset.flush.interval.ms = 10000
        output.data.format = json
        pmenos.sink.url = viacep.com.br
        internal.value.converter.schemas.enable = false
        value.converter = org.apache.kafka.connect.json.JsonConverter
        key.converter = org.apache.kafka.connect.storage.StringConverter

[main] INFO br.com.fernandolopez.HttpSinkConnect - Definir configuracoes de task para 1 workers.
[main] INFO br.com.fernandolopez.HttpSinkTask - comecou aqui
[main] INFO org.apache.kafka.common.config.AbstractConfig - AbstractConfig values: 
	output.data.format = json
	pmenos.component.https.soTimeout = 30 seconds
	pmenos.map.headers = true
	pmenos.sink.endpoint.bridgeEndpoint = false
	pmenos.sink.endpoint.copyHeaders = true
	pmenos.sink.endpoint.customHostHeader = null
	pmenos.sink.endpoint.disableStreamCache = false
	pmenos.sink.endpoint.headerFilterStrategy = null
	pmenos.sink.endpoint.httpMethod = GET
	pmenos.sink.path.httpUri = /ws/${id}/json/
	pmenos.sink.url = viacep.com.br
	topics = my-topic

[main] INFO br.com.fernandolopez.HttpSinkTask - Timeout: 30 seconds
[main] INFO br.com.fernandolopez.HttpSinkTask - Method: GET
[main] INFO br.com.fernandolopez.HttpSinkTask - URL Base: viacep.com.br
[main] INFO br.com.fernandolopez.HttpSinkTask - rest: /ws/${id}/json/
[main] INFO br.com.fernandolopez.HttpSinkTask - {"userId": 1, "name": "Fernando", "id": "60335000"}
[main] INFO br.com.fernandolopez.HttpSinkTask - /ws/60335000/json/->200
[main] INFO br.com.fernandolopez.HttpSinkTask - {
  "cep": "60335-000",
  "logradouro": "Avenida Pasteur",
  "complemento": "de 600 ao fim - lado par",
  "bairro": "Álvaro Weyne",
  "localidade": "Fortaleza",
  "uf": "CE",
  "ibge": "2304400",
  "gia": "",
  "ddd": "85",
  "siafi": "1389"
}
[main] INFO br.com.fernandolopez.HttpSinkTask - ==============
[main] INFO br.com.fernandolopez.HttpSinkTask - {"userId": 1, "name": "Fernando", "id": "60335000"}
[main] INFO br.com.fernandolopez.HttpSinkTask - /ws/60335000/json/->200
[main] INFO br.com.fernandolopez.HttpSinkTask - {
  "cep": "60335-000",
  "logradouro": "Avenida Pasteur",
  "complemento": "de 600 ao fim - lado par",
  "bairro": "Álvaro Weyne",
  "localidade": "Fortaleza",
  "uf": "CE",
  "ibge": "2304400",
  "gia": "",
  "ddd": "85",
  "siafi": "1389"
}
[main] INFO br.com.fernandolopez.HttpSinkTask - ==============
[main] INFO br.com.fernandolopez.HttpSinkTask - {"userId": 1, "name": "Fernando", "id": "60335000"}
[main] INFO br.com.fernandolopez.HttpSinkTask - /ws/60335000/json/->200
[main] INFO br.com.fernandolopez.HttpSinkTask - {
  "cep": "60335-000",
  "logradouro": "Avenida Pasteur",
  "complemento": "de 600 ao fim - lado par",
  "bairro": "Álvaro Weyne",
  "localidade": "Fortaleza",
  "uf": "CE",
  "ibge": "2304400",
  "gia": "",
  "ddd": "85",
  "siafi": "1389"
}
[main] INFO br.com.fernandolopez.HttpSinkTask - ==============
[main] INFO br.com.fernandolopez.HttpSinkTask - {"userId": 1, "name": "Fernando", "id": "60335000"}
[main] INFO br.com.fernandolopez.HttpSinkTask - /ws/60335000/json/->200
[main] INFO br.com.fernandolopez.HttpSinkTask - {
  "cep": "60335-000",
  "logradouro": "Avenida Pasteur",
  "complemento": "de 600 ao fim - lado par",
  "bairro": "Álvaro Weyne",
  "localidade": "Fortaleza",
  "uf": "CE",
  "ibge": "2304400",
  "gia": "",
  "ddd": "85",
  "siafi": "1389"
}
[main] INFO br.com.fernandolopez.HttpSinkTask - ==============
[main] INFO br.com.fernandolopez.HttpSinkTask - {"userId": 1, "name": "Fernando", "id": "60335000"}
[main] INFO br.com.fernandolopez.HttpSinkTask - /ws/60335000/json/->200
[main] INFO br.com.fernandolopez.HttpSinkTask - {
  "cep": "60335-000",
  "logradouro": "Avenida Pasteur",
  "complemento": "de 600 ao fim - lado par",
  "bairro": "Álvaro Weyne",
  "localidade": "Fortaleza",
  "uf": "CE",
  "ibge": "2304400",
  "gia": "",
  "ddd": "85",
  "siafi": "1389"
}
[main] INFO br.com.fernandolopez.HttpSinkTask - ==============
]]></system-err>
  </testcase>
  <testcase name="shouldCreateSinkTask" classname="br.com.fernandolopez.test.HttpSinkTaskTest" time="0.007"/>
</testsuite>